<?xml version="1.0" encoding="UTF-8"?>
<!-- Generated by org.testng.reporters.JUnitReportReporter -->
<testsuite skipped="0" hostname="LAPTOP-ITB2QEG8" name="FreeCRMBasics.FreeCrmJenkinsRunChrome" tests="2" failures="0" timestamp="14 Mar 2021 08:51:35 GMT" time="33.140" errors="0">
  <testcase name="Login" time="19.155" classname="FreeCRMBasics.FreeCrmJenkinsRunChrome"/>
  <testcase name="AddContactLog" time="13.985" classname="FreeCRMBasics.FreeCrmJenkinsRunChrome"/>
</testsuite> <!-- FreeCRMBasics.FreeCrmJenkinsRunChrome -->
