<?xml version="1.0" encoding="UTF-8"?>
<!-- Generated by org.testng.reporters.JUnitReportReporter -->
<testsuite skipped="0" hostname="LAPTOP-ITB2QEG8" name="FreeCRMBasics.FreeCrmJenkinsRun" tests="2" failures="0" timestamp="14 Mar 2021 07:51:20 GMT" time="22.355" errors="0">
  <testcase name="AddContactLog" time="6.239" classname="FreeCRMBasics.FreeCrmJenkinsRun"/>
  <testcase name="Login" time="16.116" classname="FreeCRMBasics.FreeCrmJenkinsRun"/>
</testsuite> <!-- FreeCRMBasics.FreeCrmJenkinsRun -->
